app/build/intermediates/manifest_merge_blame_file/debug/processDebugMainManifest/manifest-merger-blame-debug-report.txt
1<?xml version="1.0" encoding="utf-8"?>
2<manifest xmlns:android="http://schemas.android.com/apk/res/android"
3    package="com.DragonRefactor.dragonraja"
4    android:installLocation="auto"
5    android:versionCode="1"
6    android:versionName="1.0" >
7
8    <uses-sdk
9        android:minSdkVersion="21"
10        android:targetSdkVersion="33" />
11
12    <uses-feature android:glEsVersion="0x00020000" />
12-->src\main\AndroidManifest.xml:7:5-54
12-->src\main\AndroidManifest.xml:7:19-51
13    <uses-feature
13-->src\main\AndroidManifest.xml:9:5-90
14        android:name="android.hardware.touchscreen"
14-->src\main\AndroidManifest.xml:9:19-62
15        android:required="false" />
15-->src\main\AndroidManifest.xml:9:63-87
16    <uses-feature
16-->src\main\AndroidManifest.xml:10:5-88
17        android:name="android.hardware.bluetooth"
17-->src\main\AndroidManifest.xml:10:19-60
18        android:required="false" />
18-->src\main\AndroidManifest.xml:10:61-85
19    <uses-feature
19-->src\main\AndroidManifest.xml:11:5-86
20        android:name="android.hardware.gamepad"
20-->src\main\AndroidManifest.xml:11:19-58
21        android:required="false" />
21-->src\main\AndroidManifest.xml:11:59-83
22    <uses-feature
22-->src\main\AndroidManifest.xml:12:5-87
23        android:name="android.hardware.usb.host"
23-->src\main\AndroidManifest.xml:12:19-59
24        android:required="false" />
24-->src\main\AndroidManifest.xml:12:60-84
25
26    <uses-permission android:name="android.permission.INTERNET" />
26-->src\main\AndroidManifest.xml:14:5-67
26-->src\main\AndroidManifest.xml:14:22-64
27    <uses-permission android:name="android.permission.ACCESS_NETWORK_STATE" />
27-->src\main\AndroidManifest.xml:15:5-79
27-->src\main\AndroidManifest.xml:15:22-76
28    <uses-permission android:name="android.permission.VIBRATE" />
28-->src\main\AndroidManifest.xml:17:5-66
28-->src\main\AndroidManifest.xml:17:22-63
29
30    <application
30-->src\main\AndroidManifest.xml:19:5-48:19
31        android:allowBackup="true"
31-->src\main\AndroidManifest.xml:21:9-35
32        android:debuggable="true"
33        android:extractNativeLibs="true"
34        android:hardwareAccelerated="true"
34-->src\main\AndroidManifest.xml:23:9-43
35        android:icon="@mipmap/ic_launcher"
35-->src\main\AndroidManifest.xml:20:9-43
36        android:label="@string/app_name"
36-->src\main\AndroidManifest.xml:19:18-50
37        android:testOnly="true"
38        android:theme="@android:style/Theme.NoTitleBar.Fullscreen"
38-->src\main\AndroidManifest.xml:22:9-67
39        android:usesCleartextTraffic="true" >
39-->src\main\AndroidManifest.xml:24:9-44
40        <activity
40-->src\main\AndroidManifest.xml:26:9-47:20
41            android:name="com.DragonRefactor.MyGameActivity"
41-->src\main\AndroidManifest.xml:26:19-67
42            android:alwaysRetainTaskState="true"
42-->src\main\AndroidManifest.xml:28:13-49
43            android:configChanges="layoutDirection|locale|orientation|uiMode|screenLayout|screenSize|smallestScreenSize|keyboard|keyboardHidden|navigation|density"
43-->src\main\AndroidManifest.xml:31:8-159
44            android:exported="true"
44-->src\main\AndroidManifest.xml:37:13-36
45            android:label="@string/app_name"
45-->src\main\AndroidManifest.xml:27:13-45
46            android:launchMode="singleInstance"
46-->src\main\AndroidManifest.xml:29:13-48
47            android:preferMinimalPostProcessing="true"
47-->src\main\AndroidManifest.xml:32:13-55
48            android:screenOrientation="sensorLandscape"
48-->src\main\AndroidManifest.xml:34:13-56
49            android:theme="@style/SDLTheme"
49-->src\main\AndroidManifest.xml:30:6-37
50            android:windowSoftInputMode="stateAlwaysHidden|adjustPan" >
50-->src\main\AndroidManifest.xml:35:13-70
51            <intent-filter>
51-->src\main\AndroidManifest.xml:39:13-42:29
52                <action android:name="android.intent.action.MAIN" />
52-->src\main\AndroidManifest.xml:40:17-69
52-->src\main\AndroidManifest.xml:40:25-66
53
54                <category android:name="android.intent.category.LAUNCHER" />
54-->src\main\AndroidManifest.xml:41:17-77
54-->src\main\AndroidManifest.xml:41:27-74
55            </intent-filter>
56            <intent-filter>
56-->src\main\AndroidManifest.xml:44:13-46:29
57                <action android:name="android.hardware.usb.action.USB_DEVICE_ATTACHED" />
57-->src\main\AndroidManifest.xml:45:17-90
57-->src\main\AndroidManifest.xml:45:25-87
58            </intent-filter>
59        </activity>
60    </application>
61
62</manifest>